
> @trancendos/the-void@1.0.0 test /app
> vitest


[1m[46m RUN [49m[22m [36mv4.0.18 [39m[90m/app[39m

[90mstdout[2m | src/index.test.ts[2m > [22m[2mVoidService Security[2m > [22m[2mshould reject inputs with special characters
[22m[39m[The Void] Isolating: target; rm -rf /

[90mstdout[2m | src/index.test.ts[2m > [22m[2mVoidService Security[2m > [22m[2mshould reject empty inputs
[22m[39m[The Void] Isolating:

[90mstdout[2m | src/index.test.ts[2m > [22m[2mVoidService Security[2m > [22m[2mshould reject overly long inputs
[22m[39m[The Void] Isolating: aaaaaaaaaaaaaaaaaaaaaaaaaaaaaaaaaaaaaaaaaaaaaaaaaaaaaaaaaaaaaaaaa

 [31mâ¯[39m src/index.test.ts [2m([22m[2m4 tests[22m[2m | [22m[31m3 failed[39m[2m)[22m[32m 16[2mms[22m[39m
     [32mâœ“[39m should allow valid alphanumeric input[32m 4[2mms[22m[39m
[31m     [31mÃ—[31m should reject inputs with special characters[39m[32m 8[2mms[22m[39m
[31m     [31mÃ—[31m should reject empty inputs[39m[32m 2[2mms[22m[39m
[31m     [31mÃ—[31m should reject overly long inputs[39m[32m 1[2mms[22m[39m

[31mâ¯â¯â¯â¯â¯â¯â¯[39m[1m[41m Failed Tests 3 [49m[22m[31mâ¯â¯â¯â¯â¯â¯â¯[39m

[41m[1m FAIL [22m[49m src/index.test.ts[2m > [22mVoidService Security[2m > [22mshould reject inputs with special characters
[31m[1mAssertionError[22m: promise resolved "undefined" instead of rejecting[39m

[32m- Expected:[39m
Error {
  "message": "rejected promise",
}

[31m+ Received:[39m
undefined

[36m [2mâ¯[22m src/index.test.ts:[2m18:53[22m[39m
    [90m 16| [39m    [35mconst[39m service [33m=[39m [35mnew[39m [33mVoidService[39m()[33m;[39m
    [90m 17| [39m    [90m// Currently these will fail (i.e. they will NOT throw)[39m
    [90m 18| [39m    await expect(service.isolate('target; rm -rf /')).rejects.toThrow(â€¦
    [90m   | [39m                                                    [31m^[39m
    [90m 19| [39m    await expect(service.quarantine('<script>alert(1)</script>')).rejeâ€¦
    [90m 20| [39m  })[33m;[39m

[31m[2mâ¯â¯â¯â¯â¯â¯â¯â¯â¯â¯â¯â¯â¯â¯â¯â¯â¯â¯â¯â¯â¯â¯â¯â¯[1/3]â¯[22m[39m

[41m[1m FAIL [22m[49m src/index.test.ts[2m > [22mVoidService Security[2m > [22mshould reject empty inputs
[31m[1mAssertionError[22m: promise resolved "undefined" instead of rejecting[39m

[32m- Expected:[39m
Error {
  "message": "rejected promise",
}

[31m+ Received:[39m
undefined

[36m [2mâ¯[22m src/index.test.ts:[2m24:37[22m[39m
    [90m 22| [39m  [34mit[39m([32m'should reject empty inputs'[39m[33m,[39m [35masync[39m () [33m=>[39m {
    [90m 23| [39m    [35mconst[39m service [33m=[39m [35mnew[39m [33mVoidService[39m()[33m;[39m
    [90m 24| [39m    [35mawait[39m [34mexpect[39m(service[33m.[39m[34misolate[39m([32m''[39m))[33m.[39mrejects[33m.[39m[34mtoThrow[39m([36m/Invalid input/[39m)[33m;[39m
    [90m   | [39m                                    [31m^[39m
    [90m 25| [39m  })[33m;[39m
    [90m 26| [39m

[31m[2mâ¯â¯â¯â¯â¯â¯â¯â¯â¯â¯â¯â¯â¯â¯â¯â¯â¯â¯â¯â¯â¯â¯â¯â¯[2/3]â¯[22m[39m

[41m[1m FAIL [22m[49m src/index.test.ts[2m > [22mVoidService Security[2m > [22mshould reject overly long inputs
[31m[1mAssertionError[22m: promise resolved "undefined" instead of rejecting[39m

[32m- Expected:[39m
Error {
  "message": "rejected promise",
}

[31m+ Received:[39m
undefined

[36m [2mâ¯[22m src/index.test.ts:[2m30:45[22m[39m
    [90m 28| [39m    [35mconst[39m service [33m=[39m [35mnew[39m [33mVoidService[39m()[33m;[39m
    [90m 29| [39m    [35mconst[39m longString [33m=[39m [32m'a'[39m[33m.[39m[34mrepeat[39m([34m65[39m)[33m;[39m
    [90m 30| [39m    await expect(service.isolate(longString)).rejects.toThrow(/Invalidâ€¦
    [90m   | [39m                                            [31m^[39m
    [90m 31| [39m  })[33m;[39m
    [90m 32| [39m})[33m;[39m

[31m[2mâ¯â¯â¯â¯â¯â¯â¯â¯â¯â¯â¯â¯â¯â¯â¯â¯â¯â¯â¯â¯â¯â¯â¯â¯[3/3]â¯[22m[39m


[2m Test Files [22m [1m[31m1 failed[39m[22m[90m (1)[39m
[2m      Tests [22m [1m[31m3 failed[39m[22m[2m | [22m[1m[32m1 passed[39m[22m[90m (4)[39m
[2m   Start at [22m 20:26:32
[2m   Duration [22m 284ms[2m (transform 58ms, setup 0ms, import 79ms, tests 16ms, environment 0ms)[22m

â€‰ELIFECYCLEâ€‰ Test failed. See above for more details.
